<?xml version="1.0" encoding="UTF-8"?>
<testng-results skipped="0" failed="0" total="2" passed="2">
  <reporter-output>
  </reporter-output>
  <suite name="GridSuite" duration-ms="76428" started-at="2019-05-26T06:47:40Z" finished-at="2019-05-26T06:48:56Z">
    <groups>
    </groups>
    <test name="GridTest2" duration-ms="48191" started-at="2019-05-26T06:47:40Z" finished-at="2019-05-26T06:48:28Z">
      <class name="grid.GridEg">
        <test-method status="PASS" signature="grid(java.lang.String, java.lang.String)[pri:0, instance:grid.GridEg@19bb089b]" name="grid" duration-ms="48100" started-at="2019-05-26T12:17:40Z" finished-at="2019-05-26T12:18:28Z">
          <params>
            <param index="0">
              <value>
                <![CDATA[chrome]]>
              </value>
            </param>
            <param index="1">
              <value>
                <![CDATA[windows]]>
              </value>
            </param>
          </params>
          <reporter-output>
          </reporter-output>
        </test-method> <!-- grid -->
      </class> <!-- grid.GridEg -->
    </test> <!-- GridTest2 -->
    <test name="GridTest1" duration-ms="76428" started-at="2019-05-26T06:47:40Z" finished-at="2019-05-26T06:48:56Z">
      <class name="grid.GridEg">
        <test-method status="PASS" signature="grid(java.lang.String, java.lang.String)[pri:0, instance:grid.GridEg@2eee9593]" name="grid" duration-ms="76346" started-at="2019-05-26T12:17:40Z" finished-at="2019-05-26T12:18:56Z">
          <params>
            <param index="0">
              <value>
                <![CDATA[firefox]]>
              </value>
            </param>
            <param index="1">
              <value>
                <![CDATA[windows]]>
              </value>
            </param>
          </params>
          <reporter-output>
          </reporter-output>
        </test-method> <!-- grid -->
      </class> <!-- grid.GridEg -->
    </test> <!-- GridTest1 -->
  </suite> <!-- GridSuite -->
</testng-results>
